2022-11-27 13:49:12,890 INFO org.hibernate.validator.internal.util.Version [background-preinit] HV000001: Hibernate Validator 6.2.3.Final
2022-11-27 13:49:12,902 INFO org.springframework.boot.StartupInfoLogger [main] Starting GymapiApplication using Java 11.0.13 on DESKTOP-P1HVV89 with PID 26808 (C:\Users\franm\Desktop\Proyecto Final\GymApi\target\classes started by franm in C:\Users\franm\Desktop\Proyecto Final\GymApi)
2022-11-27 13:49:12,906 INFO org.springframework.boot.SpringApplication [main] No active profile set, falling back to 1 default profile: "default"
2022-11-27 13:49:15,042 INFO org.springframework.data.repository.config.RepositoryConfigurationDelegate [main] Bootstrapping Spring Data JPA repositories in DEFAULT mode.
2022-11-27 13:49:15,163 INFO org.springframework.data.repository.config.RepositoryConfigurationDelegate [main] Finished Spring Data repository scanning in 105 ms. Found 5 JPA repository interfaces.
2022-11-27 13:49:16,715 INFO org.springframework.boot.web.embedded.tomcat.TomcatWebServer [main] Tomcat initialized with port(s): 7080 (http)
2022-11-27 13:49:16,740 INFO org.apache.juli.logging.DirectJDKLog [main] Initializing ProtocolHandler ["http-nio-7080"]
2022-11-27 13:49:16,742 INFO org.apache.juli.logging.DirectJDKLog [main] Starting service [Tomcat]
2022-11-27 13:49:16,743 INFO org.apache.juli.logging.DirectJDKLog [main] Starting Servlet engine: [Apache Tomcat/9.0.63]
2022-11-27 13:49:17,214 INFO org.apache.juli.logging.DirectJDKLog [main] Initializing Spring embedded WebApplicationContext
2022-11-27 13:49:17,214 INFO org.springframework.boot.web.servlet.context.ServletWebServerApplicationContext [main] Root WebApplicationContext: initialization completed in 4074 ms
2022-11-27 13:49:17,514 INFO org.hibernate.jpa.internal.util.LogHelper [main] HHH000204: Processing PersistenceUnitInfo [name: default]
2022-11-27 13:49:17,659 INFO org.hibernate.Version [main] HHH000412: Hibernate ORM core version 5.6.9.Final
2022-11-27 13:49:18,160 INFO org.hibernate.annotations.common.reflection.java.JavaReflectionManager [main] HCANN000001: Hibernate Commons Annotations {5.1.2.Final}
2022-11-27 13:49:18,323 INFO com.zaxxer.hikari.HikariDataSource [main] HikariPool-1 - Starting...
2022-11-27 13:49:18,341 WARN com.zaxxer.hikari.util.DriverDataSource [main] Registered driver with driverClassName=com.mysql.jdbc.Driver was not found, trying direct instantiation.
2022-11-27 13:49:18,778 INFO com.zaxxer.hikari.HikariDataSource [main] HikariPool-1 - Start completed.
2022-11-27 13:49:19,053 INFO org.hibernate.dialect.Dialect [main] HHH000400: Using dialect: org.hibernate.dialect.MySQL55Dialect
2022-11-27 13:49:20,360 INFO org.hibernate.engine.transaction.jta.platform.internal.JtaPlatformInitiator [main] HHH000490: Using JtaPlatform implementation: [org.hibernate.engine.transaction.jta.platform.internal.NoJtaPlatform]
2022-11-27 13:49:20,373 INFO org.springframework.orm.jpa.AbstractEntityManagerFactoryBean [main] Initialized JPA EntityManagerFactory for persistence unit 'default'
2022-11-27 13:49:20,938 WARN org.springframework.boot.autoconfigure.orm.jpa.JpaBaseConfiguration$JpaWebConfiguration [main] spring.jpa.open-in-view is enabled by default. Therefore, database queries may be performed during view rendering. Explicitly configure spring.jpa.open-in-view to disable this warning
2022-11-27 13:49:21,653 INFO org.apache.juli.logging.DirectJDKLog [main] Starting ProtocolHandler ["http-nio-7080"]
2022-11-27 13:49:21,724 INFO org.springframework.boot.web.embedded.tomcat.TomcatWebServer [main] Tomcat started on port(s): 7080 (http) with context path ''
2022-11-27 13:49:21,738 INFO org.springframework.boot.StartupInfoLogger [main] Started GymapiApplication in 9.857 seconds (JVM running for 11.702)
2022-11-27 14:06:18,714 INFO org.apache.juli.logging.DirectJDKLog [http-nio-7080-exec-1] Initializing Spring DispatcherServlet 'dispatcherServlet'
2022-11-27 14:06:18,715 INFO org.springframework.web.servlet.FrameworkServlet [http-nio-7080-exec-1] Initializing Servlet 'dispatcherServlet'
2022-11-27 14:06:18,719 INFO org.springframework.web.servlet.FrameworkServlet [http-nio-7080-exec-1] Completed initialization in 3 ms
2022-11-27 14:06:18,852 INFO org.example.gymapi.controller.GymController [http-nio-7080-exec-1] Start GetGyms 
2022-11-27 14:10:32,254 INFO org.example.gymapi.controller.GymController [http-nio-7080-exec-3] Start GetGyms 
2022-11-27 14:10:48,334 INFO org.example.gymapi.controller.GymController [http-nio-7080-exec-5] Start GetGyms 
2022-11-27 14:10:57,849 INFO org.example.gymapi.controller.GymController [http-nio-7080-exec-4] Start GetGyms 
2022-11-27 14:11:37,971 INFO org.example.gymapi.controller.GymController [http-nio-7080-exec-8] Start GetGyms 
2022-11-27 16:36:35,610 WARN com.zaxxer.hikari.pool.HikariPool$HouseKeeper [HikariPool-1 housekeeper] HikariPool-1 - Thread starvation or clock leap detected (housekeeper delta=2h24m16s314ms239µs400ns).
2022-11-27 17:04:29,612 INFO org.example.gymapi.controller.GymController [http-nio-7080-exec-1] Start GetGyms 
2022-11-27 17:05:27,474 INFO org.example.gymapi.controller.GymController [http-nio-7080-exec-3] Start GetGyms 
2022-11-27 17:05:38,892 INFO org.example.gymapi.controller.GymController [http-nio-7080-exec-5] Start GetGyms 
2022-11-27 17:07:08,889 INFO org.example.gymapi.controller.GymController [http-nio-7080-exec-8] Start GetGyms 
2022-11-27 17:08:11,961 INFO org.example.gymapi.controller.GymController [http-nio-7080-exec-9] Start GetGyms 
2022-11-27 17:08:16,806 INFO org.example.gymapi.controller.GymController [http-nio-7080-exec-10] Start GetGyms 
2022-11-27 17:08:36,266 INFO org.example.gymapi.controller.GymController [http-nio-7080-exec-1] Start GetGyms 
2022-11-27 17:08:55,392 INFO org.example.gymapi.controller.ClientController [http-nio-7080-exec-2] Start GetClients 
2022-11-27 17:08:57,856 INFO org.example.gymapi.controller.ActivityController [http-nio-7080-exec-3] Start GetActivities 
2022-11-27 18:19:57,101 WARN org.springframework.web.servlet.handler.AbstractHandlerExceptionResolver [http-nio-7080-exec-10] Resolved [org.springframework.web.HttpRequestMethodNotSupportedException: Request method 'POST' not supported]
2022-11-27 18:34:51,818 INFO org.hibernate.validator.internal.util.Version [background-preinit] HV000001: Hibernate Validator 6.2.3.Final
2022-11-27 18:34:51,822 INFO org.springframework.boot.StartupInfoLogger [main] Starting GymapiApplication using Java 11.0.13 on DESKTOP-P1HVV89 with PID 2092 (C:\Users\franm\Desktop\Proyecto Final\GymApi\target\classes started by franm in C:\Users\franm\Desktop\Proyecto Final\GymApi)
2022-11-27 18:34:51,827 INFO org.springframework.boot.SpringApplication [main] No active profile set, falling back to 1 default profile: "default"
2022-11-27 18:34:53,187 INFO org.springframework.data.repository.config.RepositoryConfigurationDelegate [main] Bootstrapping Spring Data JPA repositories in DEFAULT mode.
2022-11-27 18:34:53,321 INFO org.springframework.data.repository.config.RepositoryConfigurationDelegate [main] Finished Spring Data repository scanning in 121 ms. Found 5 JPA repository interfaces.
2022-11-27 18:34:54,682 INFO org.springframework.boot.web.embedded.tomcat.TomcatWebServer [main] Tomcat initialized with port(s): 7080 (http)
2022-11-27 18:34:54,704 INFO org.apache.juli.logging.DirectJDKLog [main] Initializing ProtocolHandler ["http-nio-7080"]
2022-11-27 18:34:54,705 INFO org.apache.juli.logging.DirectJDKLog [main] Starting service [Tomcat]
2022-11-27 18:34:54,706 INFO org.apache.juli.logging.DirectJDKLog [main] Starting Servlet engine: [Apache Tomcat/9.0.63]
2022-11-27 18:34:55,004 INFO org.apache.juli.logging.DirectJDKLog [main] Initializing Spring embedded WebApplicationContext
2022-11-27 18:34:55,004 INFO org.springframework.boot.web.servlet.context.ServletWebServerApplicationContext [main] Root WebApplicationContext: initialization completed in 3010 ms
2022-11-27 18:34:55,268 INFO org.hibernate.jpa.internal.util.LogHelper [main] HHH000204: Processing PersistenceUnitInfo [name: default]
2022-11-27 18:34:55,417 INFO org.hibernate.Version [main] HHH000412: Hibernate ORM core version 5.6.9.Final
2022-11-27 18:34:55,846 INFO org.hibernate.annotations.common.reflection.java.JavaReflectionManager [main] HCANN000001: Hibernate Commons Annotations {5.1.2.Final}
2022-11-27 18:34:56,009 INFO com.zaxxer.hikari.HikariDataSource [main] HikariPool-1 - Starting...
2022-11-27 18:34:56,015 WARN com.zaxxer.hikari.util.DriverDataSource [main] Registered driver with driverClassName=com.mysql.jdbc.Driver was not found, trying direct instantiation.
2022-11-27 18:34:56,256 INFO com.zaxxer.hikari.HikariDataSource [main] HikariPool-1 - Start completed.
2022-11-27 18:34:56,277 INFO org.hibernate.dialect.Dialect [main] HHH000400: Using dialect: org.hibernate.dialect.MySQL55Dialect
2022-11-27 18:34:57,653 INFO org.hibernate.engine.transaction.jta.platform.internal.JtaPlatformInitiator [main] HHH000490: Using JtaPlatform implementation: [org.hibernate.engine.transaction.jta.platform.internal.NoJtaPlatform]
2022-11-27 18:34:57,661 INFO org.springframework.orm.jpa.AbstractEntityManagerFactoryBean [main] Initialized JPA EntityManagerFactory for persistence unit 'default'
2022-11-27 18:34:57,980 WARN org.springframework.boot.autoconfigure.orm.jpa.JpaBaseConfiguration$JpaWebConfiguration [main] spring.jpa.open-in-view is enabled by default. Therefore, database queries may be performed during view rendering. Explicitly configure spring.jpa.open-in-view to disable this warning
2022-11-27 18:34:58,258 INFO org.apache.juli.logging.DirectJDKLog [main] Starting ProtocolHandler ["http-nio-7080"]
2022-11-27 18:34:58,317 INFO org.springframework.boot.web.embedded.tomcat.TomcatWebServer [main] Tomcat started on port(s): 7080 (http) with context path ''
2022-11-27 18:34:58,332 INFO org.springframework.boot.StartupInfoLogger [main] Started GymapiApplication in 7.558 seconds (JVM running for 8.951)
2022-11-27 18:35:05,095 INFO org.apache.juli.logging.DirectJDKLog [http-nio-7080-exec-2] Initializing Spring DispatcherServlet 'dispatcherServlet'
2022-11-27 18:35:05,096 INFO org.springframework.web.servlet.FrameworkServlet [http-nio-7080-exec-2] Initializing Servlet 'dispatcherServlet'
2022-11-27 18:35:05,098 INFO org.springframework.web.servlet.FrameworkServlet [http-nio-7080-exec-2] Completed initialization in 1 ms
2022-11-27 18:35:05,897 INFO org.example.gymapi.controller.GymController [http-nio-7080-exec-2] Start PostGym 
2022-11-27 18:35:42,511 INFO org.example.gymapi.controller.GymController [http-nio-7080-exec-3] Start GetGyms 
2022-11-27 18:39:18,059 INFO org.example.gymapi.controller.GymController [http-nio-7080-exec-6] Start GetGyms 
2022-11-27 18:40:03,458 INFO org.example.gymapi.controller.GymController [http-nio-7080-exec-8] Start GetGyms 
2022-11-27 19:10:04,485 INFO org.example.gymapi.controller.GymController [http-nio-7080-exec-10] Start GetGyms 
2022-11-27 19:10:09,295 INFO org.example.gymapi.controller.GymController [http-nio-7080-exec-1] Start GetGyms 
2022-11-27 19:10:39,317 INFO org.example.gymapi.controller.ActivityController [http-nio-7080-exec-2] Start GetActivities 
2022-11-27 19:10:40,994 INFO org.example.gymapi.controller.ClientController [http-nio-7080-exec-3] Start GetClients 
2022-11-27 19:10:43,019 INFO org.example.gymapi.controller.ClientController [http-nio-7080-exec-4] Start GetClients 
2022-11-27 20:14:30,690 INFO org.example.gymapi.controller.GymController [http-nio-7080-exec-1] Start PostGym 
2022-11-27 20:14:40,581 INFO org.example.gymapi.controller.GymController [http-nio-7080-exec-2] Start PostGym 
2022-11-27 20:14:47,226 INFO org.example.gymapi.controller.GymController [http-nio-7080-exec-3] Start PostGym 
2022-11-27 20:15:19,289 INFO org.example.gymapi.controller.GymController [http-nio-7080-exec-4] Start DeleteGym 3
2022-11-27 20:16:06,605 INFO org.example.gymapi.controller.GymController [http-nio-7080-exec-6] Start GetGyms 
2022-11-27 20:16:29,601 INFO org.example.gymapi.controller.GymController [http-nio-7080-exec-7] Start GetGyms 
2022-11-27 20:16:35,097 INFO org.example.gymapi.controller.GymController [http-nio-7080-exec-9] Start DeleteGym 3
2022-11-27 20:19:16,549 INFO org.springframework.boot.StartupInfoLogger [main] Starting GymapiApplication using Java 11.0.13 on DESKTOP-P1HVV89 with PID 19624 (C:\Users\franm\Desktop\Proyecto Final\GymApi\target\classes started by franm in C:\Users\franm\Desktop\Proyecto Final\GymApi)
2022-11-27 20:19:16,550 INFO org.hibernate.validator.internal.util.Version [background-preinit] HV000001: Hibernate Validator 6.2.3.Final
2022-11-27 20:19:16,555 INFO org.springframework.boot.SpringApplication [main] No active profile set, falling back to 1 default profile: "default"
2022-11-27 20:19:17,187 INFO org.springframework.data.repository.config.RepositoryConfigurationDelegate [main] Bootstrapping Spring Data JPA repositories in DEFAULT mode.
2022-11-27 20:19:17,245 INFO org.springframework.data.repository.config.RepositoryConfigurationDelegate [main] Finished Spring Data repository scanning in 50 ms. Found 5 JPA repository interfaces.
2022-11-27 20:19:17,979 INFO org.springframework.boot.web.embedded.tomcat.TomcatWebServer [main] Tomcat initialized with port(s): 7080 (http)
2022-11-27 20:19:17,990 INFO org.apache.juli.logging.DirectJDKLog [main] Initializing ProtocolHandler ["http-nio-7080"]
2022-11-27 20:19:17,991 INFO org.apache.juli.logging.DirectJDKLog [main] Starting service [Tomcat]
2022-11-27 20:19:17,991 INFO org.apache.juli.logging.DirectJDKLog [main] Starting Servlet engine: [Apache Tomcat/9.0.63]
2022-11-27 20:19:18,148 INFO org.apache.juli.logging.DirectJDKLog [main] Initializing Spring embedded WebApplicationContext
2022-11-27 20:19:18,149 INFO org.springframework.boot.web.servlet.context.ServletWebServerApplicationContext [main] Root WebApplicationContext: initialization completed in 1548 ms
2022-11-27 20:19:18,258 INFO org.hibernate.jpa.internal.util.LogHelper [main] HHH000204: Processing PersistenceUnitInfo [name: default]
2022-11-27 20:19:18,297 INFO org.hibernate.Version [main] HHH000412: Hibernate ORM core version 5.6.9.Final
2022-11-27 20:19:18,397 INFO org.hibernate.annotations.common.reflection.java.JavaReflectionManager [main] HCANN000001: Hibernate Commons Annotations {5.1.2.Final}
2022-11-27 20:19:18,477 INFO com.zaxxer.hikari.HikariDataSource [main] HikariPool-1 - Starting...
2022-11-27 20:19:18,480 WARN com.zaxxer.hikari.util.DriverDataSource [main] Registered driver with driverClassName=com.mysql.jdbc.Driver was not found, trying direct instantiation.
2022-11-27 20:19:18,597 INFO com.zaxxer.hikari.HikariDataSource [main] HikariPool-1 - Start completed.
2022-11-27 20:19:18,611 INFO org.hibernate.dialect.Dialect [main] HHH000400: Using dialect: org.hibernate.dialect.MySQL55Dialect
2022-11-27 20:19:19,370 INFO org.hibernate.engine.transaction.jta.platform.internal.JtaPlatformInitiator [main] HHH000490: Using JtaPlatform implementation: [org.hibernate.engine.transaction.jta.platform.internal.NoJtaPlatform]
2022-11-27 20:19:19,377 INFO org.springframework.orm.jpa.AbstractEntityManagerFactoryBean [main] Initialized JPA EntityManagerFactory for persistence unit 'default'
2022-11-27 20:19:19,689 WARN org.springframework.boot.autoconfigure.orm.jpa.JpaBaseConfiguration$JpaWebConfiguration [main] spring.jpa.open-in-view is enabled by default. Therefore, database queries may be performed during view rendering. Explicitly configure spring.jpa.open-in-view to disable this warning
2022-11-27 20:19:19,893 INFO org.apache.juli.logging.DirectJDKLog [main] Starting ProtocolHandler ["http-nio-7080"]
2022-11-27 20:19:19,913 INFO org.springframework.boot.web.embedded.tomcat.TomcatWebServer [main] Tomcat started on port(s): 7080 (http) with context path ''
2022-11-27 20:19:19,920 INFO org.springframework.boot.StartupInfoLogger [main] Started GymapiApplication in 3.72 seconds (JVM running for 4.228)
2022-11-27 20:19:35,392 INFO org.apache.juli.logging.DirectJDKLog [http-nio-7080-exec-1] Initializing Spring DispatcherServlet 'dispatcherServlet'
2022-11-27 20:19:35,392 INFO org.springframework.web.servlet.FrameworkServlet [http-nio-7080-exec-1] Initializing Servlet 'dispatcherServlet'
2022-11-27 20:19:35,394 INFO org.springframework.web.servlet.FrameworkServlet [http-nio-7080-exec-1] Completed initialization in 1 ms
2022-11-27 20:19:35,686 INFO org.example.gymapi.controller.GymController [http-nio-7080-exec-1] Start DeleteGym 3
2022-11-27 20:19:41,763 INFO org.example.gymapi.controller.GymController [http-nio-7080-exec-3] Start GetGyms 
2022-11-27 20:19:49,452 INFO org.example.gymapi.controller.GymController [http-nio-7080-exec-4] Start DeleteGym 4
2022-11-27 20:19:57,593 INFO org.example.gymapi.controller.GymController [http-nio-7080-exec-5] Start GetGyms 
2022-11-27 20:20:09,620 INFO org.example.gymapi.controller.GymController [http-nio-7080-exec-6] Start GetGyms 
2022-11-27 20:51:03,783 WARN com.zaxxer.hikari.pool.HikariPool$HouseKeeper [HikariPool-1 housekeeper] HikariPool-1 - Thread starvation or clock leap detected (housekeeper delta=17m44s886ms344µs100ns).
2022-11-27 21:17:42,518 INFO org.example.gymapi.controller.GymController [http-nio-7080-exec-2] Start GetGyms 
2022-11-27 21:22:00,112 INFO org.example.gymapi.controller.GymController [http-nio-7080-exec-3] Start GetGyms 
2022-11-27 21:22:08,345 INFO org.example.gymapi.controller.GymController [http-nio-7080-exec-4] Start GetGyms 
2022-11-27 21:58:04,397 INFO org.example.gymapi.controller.GymController [http-nio-7080-exec-8] Start GetGyms 
2022-11-27 21:59:31,687 INFO org.example.gymapi.controller.GymController [http-nio-7080-exec-7] Start GetGyms 
2022-11-27 21:59:42,148 INFO org.example.gymapi.controller.GymController [http-nio-7080-exec-10] Start GetGyms 
2022-11-27 22:05:29,977 INFO org.example.gymapi.controller.GymController [http-nio-7080-exec-3] Start GetGyms 
2022-11-27 22:05:54,575 INFO org.example.gymapi.controller.GymController [http-nio-7080-exec-5] Start GetGyms 
2022-11-27 23:07:28,206 WARN com.zaxxer.hikari.pool.HikariPool$HouseKeeper [HikariPool-1 housekeeper] HikariPool-1 - Thread starvation or clock leap detected (housekeeper delta=44m52s965ms258µs600ns).
