2022-12-12 20:40:49,691 INFO org.hibernate.validator.internal.util.Version [background-preinit] HV000001: Hibernate Validator 6.2.3.Final
2022-12-12 20:40:50,206 INFO org.springframework.boot.StartupInfoLogger [main] Starting GymapiApplication using Java 11.0.13 on DESKTOP-P1HVV89 with PID 27536 (C:\Users\franm\Desktop\Proyecto Final\GymApi\target\classes started by franm in C:\Users\franm\Desktop\Proyecto Final\GymApi)
2022-12-12 20:40:50,216 INFO org.springframework.boot.SpringApplication [main] No active profile set, falling back to 1 default profile: "default"
2022-12-12 20:40:56,396 INFO org.springframework.data.repository.config.RepositoryConfigurationDelegate [main] Bootstrapping Spring Data JPA repositories in DEFAULT mode.
2022-12-12 20:40:56,540 INFO org.springframework.data.repository.config.RepositoryConfigurationDelegate [main] Finished Spring Data repository scanning in 115 ms. Found 5 JPA repository interfaces.
2022-12-12 20:40:58,086 INFO org.springframework.boot.web.embedded.tomcat.TomcatWebServer [main] Tomcat initialized with port(s): 7080 (http)
2022-12-12 20:40:58,115 INFO org.apache.juli.logging.DirectJDKLog [main] Initializing ProtocolHandler ["http-nio-7080"]
2022-12-12 20:40:58,115 INFO org.apache.juli.logging.DirectJDKLog [main] Starting service [Tomcat]
2022-12-12 20:40:58,115 INFO org.apache.juli.logging.DirectJDKLog [main] Starting Servlet engine: [Apache Tomcat/9.0.63]
2022-12-12 20:40:58,571 INFO org.apache.juli.logging.DirectJDKLog [main] Initializing Spring embedded WebApplicationContext
2022-12-12 20:40:58,576 INFO org.springframework.boot.web.servlet.context.ServletWebServerApplicationContext [main] Root WebApplicationContext: initialization completed in 7960 ms
2022-12-12 20:40:58,946 INFO org.hibernate.jpa.internal.util.LogHelper [main] HHH000204: Processing PersistenceUnitInfo [name: default]
2022-12-12 20:40:59,186 INFO org.hibernate.Version [main] HHH000412: Hibernate ORM core version 5.6.9.Final
2022-12-12 20:40:59,596 INFO org.hibernate.annotations.common.reflection.java.JavaReflectionManager [main] HCANN000001: Hibernate Commons Annotations {5.1.2.Final}
2022-12-12 20:40:59,766 INFO com.zaxxer.hikari.HikariDataSource [main] HikariPool-1 - Starting...
2022-12-12 20:40:59,771 WARN com.zaxxer.hikari.util.DriverDataSource [main] Registered driver with driverClassName=com.mysql.jdbc.Driver was not found, trying direct instantiation.
2022-12-12 20:41:00,116 INFO com.zaxxer.hikari.HikariDataSource [main] HikariPool-1 - Start completed.
2022-12-12 20:41:00,146 INFO org.hibernate.dialect.Dialect [main] HHH000400: Using dialect: org.hibernate.dialect.MySQL55Dialect
2022-12-12 20:41:01,721 INFO org.hibernate.engine.transaction.jta.platform.internal.JtaPlatformInitiator [main] HHH000490: Using JtaPlatform implementation: [org.hibernate.engine.transaction.jta.platform.internal.NoJtaPlatform]
2022-12-12 20:41:01,726 INFO org.springframework.orm.jpa.AbstractEntityManagerFactoryBean [main] Initialized JPA EntityManagerFactory for persistence unit 'default'
2022-12-12 20:41:02,576 WARN org.springframework.boot.autoconfigure.orm.jpa.JpaBaseConfiguration$JpaWebConfiguration [main] spring.jpa.open-in-view is enabled by default. Therefore, database queries may be performed during view rendering. Explicitly configure spring.jpa.open-in-view to disable this warning
2022-12-12 20:41:03,196 INFO org.apache.juli.logging.DirectJDKLog [main] Starting ProtocolHandler ["http-nio-7080"]
2022-12-12 20:41:03,256 INFO org.springframework.boot.web.embedded.tomcat.TomcatWebServer [main] Tomcat started on port(s): 7080 (http) with context path ''
2022-12-12 20:41:03,266 INFO org.springframework.boot.StartupInfoLogger [main] Started GymapiApplication in 17.774 seconds (JVM running for 23.847)
2022-12-12 20:50:13,798 INFO org.apache.juli.logging.DirectJDKLog [http-nio-7080-exec-1] Initializing Spring DispatcherServlet 'dispatcherServlet'
2022-12-12 20:50:13,800 INFO org.springframework.web.servlet.FrameworkServlet [http-nio-7080-exec-1] Initializing Servlet 'dispatcherServlet'
2022-12-12 20:50:13,802 INFO org.springframework.web.servlet.FrameworkServlet [http-nio-7080-exec-1] Completed initialization in 2 ms
2022-12-12 20:50:13,965 INFO org.example.gymapi.controller.GymController [http-nio-7080-exec-1] Start GetGyms 
2022-12-12 20:50:13,965 INFO org.example.gymapi.controller.GymController [http-nio-7080-exec-2] Start GetGyms 
2022-12-12 20:50:20,534 INFO org.example.gymapi.controller.ActivityClientController [http-nio-7080-exec-3] Start GetActivities 
2022-12-12 20:50:20,537 INFO org.example.gymapi.controller.ActivityClientController [http-nio-7080-exec-6] Start GetActivities 
2022-12-12 20:50:22,974 INFO org.example.gymapi.controller.ActivityController [http-nio-7080-exec-5] Start GetActivities 
2022-12-12 20:50:22,978 INFO org.example.gymapi.controller.ActivityController [http-nio-7080-exec-9] Start GetActivities 
2022-12-12 20:50:26,432 INFO org.example.gymapi.controller.ClientController [http-nio-7080-exec-7] Start GetClients 
2022-12-12 20:50:26,436 INFO org.example.gymapi.controller.ClientController [http-nio-7080-exec-8] Start GetClients 
2022-12-12 20:50:30,271 INFO org.example.gymapi.controller.ClientController [http-nio-7080-exec-4] Start GetClients 
2022-12-12 20:50:30,669 INFO org.example.gymapi.controller.ClientController [http-nio-7080-exec-10] Start DeleteClient 3
2022-12-12 20:50:33,942 INFO org.example.gymapi.controller.ClientController [http-nio-7080-exec-1] Start GetClients 
2022-12-12 20:50:34,038 INFO org.example.gymapi.controller.ClientController [http-nio-7080-exec-2] Start DeleteClient 4
2022-12-12 20:50:37,959 INFO org.example.gymapi.controller.ClientController [http-nio-7080-exec-3] Start GetClients 
2022-12-12 20:50:37,960 INFO org.example.gymapi.controller.ClientController [http-nio-7080-exec-6] Start GetClients 
2022-12-12 20:50:40,275 INFO org.example.gymapi.controller.StaffController [http-nio-7080-exec-5] Start GetStaffs 
2022-12-12 20:50:40,280 INFO org.example.gymapi.controller.StaffController [http-nio-7080-exec-9] Start GetStaffs 
2022-12-12 20:50:43,245 INFO org.example.gymapi.controller.StaffController [http-nio-7080-exec-8] Start GetStaffs 
2022-12-12 20:50:43,393 INFO org.example.gymapi.controller.StaffController [http-nio-7080-exec-7] Start DeleteStaff 3
2022-12-12 20:50:50,944 INFO org.example.gymapi.controller.StaffController [http-nio-7080-exec-4] Start GetStaffs 
2022-12-12 20:50:51,063 INFO org.example.gymapi.controller.StaffController [http-nio-7080-exec-10] Start DeleteStaff 4
2022-12-12 20:50:53,717 INFO org.example.gymapi.controller.GymController [http-nio-7080-exec-1] Start GetGyms 
2022-12-12 20:50:53,720 INFO org.example.gymapi.controller.GymController [http-nio-7080-exec-2] Start GetGyms 
2022-12-12 20:50:57,047 INFO org.example.gymapi.controller.GymController [http-nio-7080-exec-3] Start GetGyms 
2022-12-12 20:50:57,133 INFO org.example.gymapi.controller.GymController [http-nio-7080-exec-6] Start DeleteGym 8
2022-12-12 20:51:00,428 INFO org.example.gymapi.controller.GymController [http-nio-7080-exec-9] Start GetGyms 
2022-12-12 20:51:00,516 INFO org.example.gymapi.controller.GymController [http-nio-7080-exec-5] Start DeleteGym 9
2022-12-12 21:30:21,083 INFO org.example.gymapi.controller.GymController [http-nio-7080-exec-1] Start GetGyms 
2022-12-12 21:30:21,083 INFO org.example.gymapi.controller.GymController [http-nio-7080-exec-2] Start GetGyms 
2022-12-12 21:30:48,519 INFO org.example.gymapi.controller.GymController [http-nio-7080-exec-6] Start GetGyms 
2022-12-12 21:37:28,741 INFO org.example.gymapi.controller.GymController [http-nio-7080-exec-9] Start GetGyms 
2022-12-12 21:37:28,744 INFO org.example.gymapi.controller.GymController [http-nio-7080-exec-8] Start GetGyms 
2022-12-12 21:38:30,914 INFO org.example.gymapi.controller.GymController [http-nio-7080-exec-7] Start PostGym 
2022-12-12 21:38:32,554 INFO org.example.gymapi.controller.GymController [http-nio-7080-exec-1] Start GetGyms 
2022-12-12 21:50:16,892 INFO org.example.gymapi.controller.ClientController [http-nio-7080-exec-3] Start GetClients 
2022-12-12 21:50:16,892 INFO org.example.gymapi.controller.ClientController [http-nio-7080-exec-5] Start GetClients 
2022-12-12 21:50:18,617 INFO org.example.gymapi.controller.GymController [http-nio-7080-exec-9] Start GetGyms 
2022-12-12 21:50:18,626 INFO org.example.gymapi.controller.GymController [http-nio-7080-exec-8] Start GetGyms 
2022-12-12 21:50:43,291 INFO org.example.gymapi.controller.ClientController [http-nio-7080-exec-10] Start PostClient 
2022-12-12 21:50:44,146 INFO org.example.gymapi.controller.ClientController [http-nio-7080-exec-4] Start GetClients 
2022-12-12 21:50:48,502 INFO org.example.gymapi.controller.StaffController [http-nio-7080-exec-7] Start GetStaffs 
2022-12-12 21:50:48,513 INFO org.example.gymapi.controller.StaffController [http-nio-7080-exec-1] Start GetStaffs 
2022-12-12 21:50:49,984 INFO org.example.gymapi.controller.GymController [http-nio-7080-exec-2] Start GetGyms 
2022-12-12 21:50:49,999 INFO org.example.gymapi.controller.GymController [http-nio-7080-exec-6] Start GetGyms 
2022-12-12 21:51:14,773 INFO org.example.gymapi.controller.StaffController [http-nio-7080-exec-5] Start PostStaff 
2022-12-12 21:51:15,726 INFO org.example.gymapi.controller.StaffController [http-nio-7080-exec-3] Start GetStaffs 
2022-12-12 21:51:18,367 INFO org.example.gymapi.controller.ActivityController [http-nio-7080-exec-8] Start GetActivities 
2022-12-12 21:51:18,377 INFO org.example.gymapi.controller.ActivityController [http-nio-7080-exec-10] Start GetActivities 
2022-12-12 21:51:19,633 INFO org.example.gymapi.controller.StaffController [http-nio-7080-exec-7] Start GetStaffs 
2022-12-12 21:51:19,634 INFO org.example.gymapi.controller.GymController [http-nio-7080-exec-1] Start GetGyms 
2022-12-12 21:51:19,642 INFO org.example.gymapi.controller.GymController [http-nio-7080-exec-2] Start GetGyms 
2022-12-12 21:51:19,666 INFO org.example.gymapi.controller.StaffController [http-nio-7080-exec-6] Start GetStaffs 
2022-12-12 21:51:46,933 ERROR org.example.gymapi.controller.ActivityController [http-nio-7080-exec-9] JSON parse error: Cannot deserialize value of type `java.time.LocalDate` from String "2022-12-6": Failed to deserialize java.time.LocalDate: (java.time.format.DateTimeParseException) Text '2022-12-6' could not be parsed at index 8; nested exception is com.fasterxml.jackson.databind.exc.InvalidFormatException: Cannot deserialize value of type `java.time.LocalDate` from String "2022-12-6": Failed to deserialize java.time.LocalDate: (java.time.format.DateTimeParseException) Text '2022-12-6' could not be parsed at index 8
 at [Source: (org.springframework.util.StreamUtils$NonClosingInputStream); line: 1, column: 11520] (through reference chain: org.example.gymapi.domain.dto.ActivityDTO["date"])
org.springframework.http.converter.HttpMessageNotReadableException: JSON parse error: Cannot deserialize value of type `java.time.LocalDate` from String "2022-12-6": Failed to deserialize java.time.LocalDate: (java.time.format.DateTimeParseException) Text '2022-12-6' could not be parsed at index 8; nested exception is com.fasterxml.jackson.databind.exc.InvalidFormatException: Cannot deserialize value of type `java.time.LocalDate` from String "2022-12-6": Failed to deserialize java.time.LocalDate: (java.time.format.DateTimeParseException) Text '2022-12-6' could not be parsed at index 8
 at [Source: (org.springframework.util.StreamUtils$NonClosingInputStream); line: 1, column: 11520] (through reference chain: org.example.gymapi.domain.dto.ActivityDTO["date"])
	at org.springframework.http.converter.json.AbstractJackson2HttpMessageConverter.readJavaType(AbstractJackson2HttpMessageConverter.java:391)
	at org.springframework.http.converter.json.AbstractJackson2HttpMessageConverter.read(AbstractJackson2HttpMessageConverter.java:343)
	at org.springframework.web.servlet.mvc.method.annotation.AbstractMessageConverterMethodArgumentResolver.readWithMessageConverters(AbstractMessageConverterMethodArgumentResolver.java:185)
	at org.springframework.web.servlet.mvc.method.annotation.RequestResponseBodyMethodProcessor.readWithMessageConverters(RequestResponseBodyMethodProcessor.java:160)
	at org.springframework.web.servlet.mvc.method.annotation.RequestResponseBodyMethodProcessor.resolveArgument(RequestResponseBodyMethodProcessor.java:133)
	at org.springframework.web.method.support.HandlerMethodArgumentResolverComposite.resolveArgument(HandlerMethodArgumentResolverComposite.java:122)
	at org.springframework.web.method.support.InvocableHandlerMethod.getMethodArgumentValues(InvocableHandlerMethod.java:179)
	at org.springframework.web.method.support.InvocableHandlerMethod.invokeForRequest(InvocableHandlerMethod.java:146)
	at org.springframework.web.servlet.mvc.method.annotation.ServletInvocableHandlerMethod.invokeAndHandle(ServletInvocableHandlerMethod.java:117)
	at org.springframework.web.servlet.mvc.method.annotation.RequestMappingHandlerAdapter.invokeHandlerMethod(RequestMappingHandlerAdapter.java:895)
	at org.springframework.web.servlet.mvc.method.annotation.RequestMappingHandlerAdapter.handleInternal(RequestMappingHandlerAdapter.java:808)
	at org.springframework.web.servlet.mvc.method.AbstractHandlerMethodAdapter.handle(AbstractHandlerMethodAdapter.java:87)
	at org.springframework.web.servlet.DispatcherServlet.doDispatch(DispatcherServlet.java:1067)
	at org.springframework.web.servlet.DispatcherServlet.doService(DispatcherServlet.java:963)
	at org.springframework.web.servlet.FrameworkServlet.processRequest(FrameworkServlet.java:1006)
	at org.springframework.web.servlet.FrameworkServlet.doPost(FrameworkServlet.java:909)
	at javax.servlet.http.HttpServlet.service(HttpServlet.java:681)
	at org.springframework.web.servlet.FrameworkServlet.service(FrameworkServlet.java:883)
	at javax.servlet.http.HttpServlet.service(HttpServlet.java:764)
	at org.apache.catalina.core.ApplicationFilterChain.internalDoFilter(ApplicationFilterChain.java:227)
	at org.apache.catalina.core.ApplicationFilterChain.doFilter(ApplicationFilterChain.java:162)
	at org.apache.tomcat.websocket.server.WsFilter.doFilter(WsFilter.java:53)
	at org.apache.catalina.core.ApplicationFilterChain.internalDoFilter(ApplicationFilterChain.java:189)
	at org.apache.catalina.core.ApplicationFilterChain.doFilter(ApplicationFilterChain.java:162)
	at org.springframework.web.filter.RequestContextFilter.doFilterInternal(RequestContextFilter.java:100)
	at org.springframework.web.filter.OncePerRequestFilter.doFilter(OncePerRequestFilter.java:117)
	at org.apache.catalina.core.ApplicationFilterChain.internalDoFilter(ApplicationFilterChain.java:189)
	at org.apache.catalina.core.ApplicationFilterChain.doFilter(ApplicationFilterChain.java:162)
	at org.springframework.web.filter.FormContentFilter.doFilterInternal(FormContentFilter.java:93)
	at org.springframework.web.filter.OncePerRequestFilter.doFilter(OncePerRequestFilter.java:117)
	at org.apache.catalina.core.ApplicationFilterChain.internalDoFilter(ApplicationFilterChain.java:189)
	at org.apache.catalina.core.ApplicationFilterChain.doFilter(ApplicationFilterChain.java:162)
	at org.springframework.web.filter.CharacterEncodingFilter.doFilterInternal(CharacterEncodingFilter.java:201)
	at org.springframework.web.filter.OncePerRequestFilter.doFilter(OncePerRequestFilter.java:117)
	at org.apache.catalina.core.ApplicationFilterChain.internalDoFilter(ApplicationFilterChain.java:189)
	at org.apache.catalina.core.ApplicationFilterChain.doFilter(ApplicationFilterChain.java:162)
	at org.apache.catalina.core.StandardWrapperValve.invoke(StandardWrapperValve.java:197)
	at org.apache.catalina.core.StandardContextValve.invoke(StandardContextValve.java:97)
	at org.apache.catalina.authenticator.AuthenticatorBase.invoke(AuthenticatorBase.java:541)
	at org.apache.catalina.core.StandardHostValve.invoke(StandardHostValve.java:135)
	at org.apache.catalina.valves.ErrorReportValve.invoke(ErrorReportValve.java:92)
	at org.apache.catalina.core.StandardEngineValve.invoke(StandardEngineValve.java:78)
	at org.apache.catalina.connector.CoyoteAdapter.service(CoyoteAdapter.java:360)
	at org.apache.coyote.http11.Http11Processor.service(Http11Processor.java:399)
	at org.apache.coyote.AbstractProcessorLight.process(AbstractProcessorLight.java:65)
	at org.apache.coyote.AbstractProtocol$ConnectionHandler.process(AbstractProtocol.java:890)
	at org.apache.tomcat.util.net.NioEndpoint$SocketProcessor.doRun(NioEndpoint.java:1743)
	at org.apache.tomcat.util.net.SocketProcessorBase.run(SocketProcessorBase.java:49)
	at org.apache.tomcat.util.threads.ThreadPoolExecutor.runWorker(ThreadPoolExecutor.java:1191)
	at org.apache.tomcat.util.threads.ThreadPoolExecutor$Worker.run(ThreadPoolExecutor.java:659)
	at org.apache.tomcat.util.threads.TaskThread$WrappingRunnable.run(TaskThread.java:61)
	at java.base/java.lang.Thread.run(Thread.java:829)
Caused by: com.fasterxml.jackson.databind.exc.InvalidFormatException: Cannot deserialize value of type `java.time.LocalDate` from String "2022-12-6": Failed to deserialize java.time.LocalDate: (java.time.format.DateTimeParseException) Text '2022-12-6' could not be parsed at index 8
 at [Source: (org.springframework.util.StreamUtils$NonClosingInputStream); line: 1, column: 11520] (through reference chain: org.example.gymapi.domain.dto.ActivityDTO["date"])
	at com.fasterxml.jackson.databind.exc.InvalidFormatException.from(InvalidFormatException.java:67)
	at com.fasterxml.jackson.databind.DeserializationContext.weirdStringException(DeserializationContext.java:1991)
	at com.fasterxml.jackson.databind.DeserializationContext.handleWeirdStringValue(DeserializationContext.java:1219)
	at com.fasterxml.jackson.datatype.jsr310.deser.JSR310DeserializerBase._handleDateTimeException(JSR310DeserializerBase.java:176)
	at com.fasterxml.jackson.datatype.jsr310.deser.LocalDateDeserializer._fromString(LocalDateDeserializer.java:172)
	at com.fasterxml.jackson.datatype.jsr310.deser.LocalDateDeserializer.deserialize(LocalDateDeserializer.java:90)
	at com.fasterxml.jackson.datatype.jsr310.deser.LocalDateDeserializer.deserialize(LocalDateDeserializer.java:36)
	at com.fasterxml.jackson.databind.deser.impl.MethodProperty.deserializeAndSet(MethodProperty.java:129)
	at com.fasterxml.jackson.databind.deser.BeanDeserializer.deserializeFromObject(BeanDeserializer.java:391)
	at com.fasterxml.jackson.databind.deser.BeanDeserializer.deserialize(BeanDeserializer.java:184)
	at com.fasterxml.jackson.databind.deser.DefaultDeserializationContext.readRootValue(DefaultDeserializationContext.java:323)
	at com.fasterxml.jackson.databind.ObjectMapper._readMapAndClose(ObjectMapper.java:4674)
	at com.fasterxml.jackson.databind.ObjectMapper.readValue(ObjectMapper.java:3682)
	at org.springframework.http.converter.json.AbstractJackson2HttpMessageConverter.readJavaType(AbstractJackson2HttpMessageConverter.java:380)
	... 51 common frames omitted
Caused by: java.time.format.DateTimeParseException: Text '2022-12-6' could not be parsed at index 8
	at java.base/java.time.format.DateTimeFormatter.parseResolved0(DateTimeFormatter.java:2046)
	at java.base/java.time.format.DateTimeFormatter.parse(DateTimeFormatter.java:1948)
	at java.base/java.time.LocalDate.parse(LocalDate.java:428)
	at com.fasterxml.jackson.datatype.jsr310.deser.LocalDateDeserializer._fromString(LocalDateDeserializer.java:170)
	... 60 common frames omitted
2022-12-12 21:51:48,878 INFO org.example.gymapi.controller.ActivityController [http-nio-7080-exec-10] Start GetActivities 
2022-12-12 23:00:01,626 INFO org.hibernate.validator.internal.util.Version [background-preinit] HV000001: Hibernate Validator 6.2.3.Final
2022-12-12 23:00:02,229 INFO org.springframework.boot.StartupInfoLogger [main] Starting GymapiApplication using Java 11.0.13 on DESKTOP-P1HVV89 with PID 10048 (C:\Users\franm\Desktop\Proyecto Final\GymApi\target\classes started by franm in C:\Users\franm\Desktop\Proyecto Final\GymApi)
2022-12-12 23:00:02,232 INFO org.springframework.boot.SpringApplication [main] No active profile set, falling back to 1 default profile: "default"
2022-12-12 23:00:08,889 INFO org.springframework.data.repository.config.RepositoryConfigurationDelegate [main] Bootstrapping Spring Data JPA repositories in DEFAULT mode.
2022-12-12 23:00:09,534 INFO org.springframework.data.repository.config.RepositoryConfigurationDelegate [main] Finished Spring Data repository scanning in 529 ms. Found 5 JPA repository interfaces.
2022-12-12 23:00:35,273 INFO org.springframework.boot.web.embedded.tomcat.TomcatWebServer [main] Tomcat initialized with port(s): 7080 (http)
2022-12-12 23:00:36,827 INFO org.apache.juli.logging.DirectJDKLog [main] Initializing ProtocolHandler ["http-nio-7080"]
2022-12-12 23:00:36,830 INFO org.apache.juli.logging.DirectJDKLog [main] Starting service [Tomcat]
2022-12-12 23:00:36,831 INFO org.apache.juli.logging.DirectJDKLog [main] Starting Servlet engine: [Apache Tomcat/9.0.63]
2022-12-12 23:00:46,655 INFO org.apache.juli.logging.DirectJDKLog [main] Initializing Spring embedded WebApplicationContext
2022-12-12 23:00:46,655 INFO org.springframework.boot.web.servlet.context.ServletWebServerApplicationContext [main] Root WebApplicationContext: initialization completed in 43681 ms
2022-12-12 23:00:47,775 INFO org.hibernate.jpa.internal.util.LogHelper [main] HHH000204: Processing PersistenceUnitInfo [name: default]
2022-12-12 23:00:47,981 INFO org.hibernate.Version [main] HHH000412: Hibernate ORM core version 5.6.9.Final
2022-12-12 23:00:49,157 INFO org.hibernate.annotations.common.reflection.java.JavaReflectionManager [main] HCANN000001: Hibernate Commons Annotations {5.1.2.Final}
2022-12-12 23:00:49,408 INFO com.zaxxer.hikari.HikariDataSource [main] HikariPool-1 - Starting...
2022-12-12 23:00:49,424 WARN com.zaxxer.hikari.util.DriverDataSource [main] Registered driver with driverClassName=com.mysql.jdbc.Driver was not found, trying direct instantiation.
2022-12-12 23:00:49,981 INFO com.zaxxer.hikari.HikariDataSource [main] HikariPool-1 - Start completed.
2022-12-12 23:00:50,014 INFO org.hibernate.dialect.Dialect [main] HHH000400: Using dialect: org.hibernate.dialect.MySQL55Dialect
2022-12-12 23:00:50,977 INFO org.hibernate.engine.transaction.jta.platform.internal.JtaPlatformInitiator [main] HHH000490: Using JtaPlatform implementation: [org.hibernate.engine.transaction.jta.platform.internal.NoJtaPlatform]
2022-12-12 23:00:50,985 INFO org.springframework.orm.jpa.AbstractEntityManagerFactoryBean [main] Initialized JPA EntityManagerFactory for persistence unit 'default'
2022-12-12 23:00:51,737 WARN org.springframework.boot.autoconfigure.orm.jpa.JpaBaseConfiguration$JpaWebConfiguration [main] spring.jpa.open-in-view is enabled by default. Therefore, database queries may be performed during view rendering. Explicitly configure spring.jpa.open-in-view to disable this warning
2022-12-12 23:00:52,291 INFO org.apache.juli.logging.DirectJDKLog [main] Starting ProtocolHandler ["http-nio-7080"]
2022-12-12 23:00:52,329 INFO org.springframework.boot.web.embedded.tomcat.TomcatWebServer [main] Tomcat started on port(s): 7080 (http) with context path ''
2022-12-12 23:00:52,335 INFO org.springframework.boot.StartupInfoLogger [main] Started GymapiApplication in 53.541 seconds (JVM running for 55.546)
2022-12-12 23:03:57,064 INFO org.apache.juli.logging.DirectJDKLog [http-nio-7080-exec-1] Initializing Spring DispatcherServlet 'dispatcherServlet'
2022-12-12 23:03:57,065 INFO org.springframework.web.servlet.FrameworkServlet [http-nio-7080-exec-1] Initializing Servlet 'dispatcherServlet'
2022-12-12 23:03:57,066 INFO org.springframework.web.servlet.FrameworkServlet [http-nio-7080-exec-1] Completed initialization in 1 ms
2022-12-12 23:03:57,199 INFO org.example.gymapi.controller.ActivityController [http-nio-7080-exec-3] Start GetActivities 
2022-12-12 23:03:57,199 INFO org.example.gymapi.controller.ActivityController [http-nio-7080-exec-1] Start GetActivities 
2022-12-12 23:03:58,304 INFO org.example.gymapi.controller.StaffController [http-nio-7080-exec-2] Start GetStaffs 
2022-12-12 23:03:58,307 INFO org.example.gymapi.controller.GymController [http-nio-7080-exec-4] Start GetGyms 
2022-12-12 23:03:58,308 INFO org.example.gymapi.controller.GymController [http-nio-7080-exec-5] Start GetGyms 
2022-12-12 23:03:58,323 INFO org.example.gymapi.controller.StaffController [http-nio-7080-exec-6] Start GetStaffs 
2022-12-12 23:05:28,328 INFO org.example.gymapi.controller.ActivityController [http-nio-7080-exec-5] Start PostActivity 
2022-12-12 23:05:31,751 INFO org.example.gymapi.controller.ActivityController [http-nio-7080-exec-2] Start GetActivities 
2022-12-12 23:05:37,515 INFO org.example.gymapi.controller.ActivityController [http-nio-7080-exec-6] Start GetActivities 
2022-12-12 23:05:37,646 INFO org.example.gymapi.controller.ActivityController [http-nio-7080-exec-4] Start DeleteActivity 2
2022-12-12 23:05:39,834 INFO org.example.gymapi.controller.GymController [http-nio-7080-exec-8] Start GetGyms 
2022-12-12 23:05:39,872 INFO org.example.gymapi.controller.GymController [http-nio-7080-exec-7] Start GetGyms 
2022-12-12 23:05:39,872 INFO org.example.gymapi.controller.StaffController [http-nio-7080-exec-9] Start GetStaffs 
2022-12-12 23:05:39,884 INFO org.example.gymapi.controller.StaffController [http-nio-7080-exec-1] Start GetStaffs 
2022-12-12 23:06:07,967 INFO org.example.gymapi.controller.ActivityController [http-nio-7080-exec-10] Start PostActivity 
2022-12-12 23:06:09,753 INFO org.example.gymapi.controller.ActivityController [http-nio-7080-exec-3] Start GetActivities 
2022-12-12 23:06:13,270 INFO org.example.gymapi.controller.GymController [http-nio-7080-exec-2] Start GetGyms 
2022-12-12 23:06:13,270 INFO org.example.gymapi.controller.GymController [http-nio-7080-exec-5] Start GetGyms 
2022-12-12 23:06:16,763 INFO org.example.gymapi.controller.StaffController [http-nio-7080-exec-6] Start GetStaffs 
2022-12-12 23:06:16,763 INFO org.example.gymapi.controller.StaffController [http-nio-7080-exec-4] Start GetStaffs 
2022-12-12 23:06:18,910 INFO org.example.gymapi.controller.ClientController [http-nio-7080-exec-8] Start GetClients 
2022-12-12 23:06:18,925 INFO org.example.gymapi.controller.ClientController [http-nio-7080-exec-7] Start GetClients 
2022-12-12 23:06:21,155 INFO org.example.gymapi.controller.ActivityClientController [http-nio-7080-exec-1] Start GetActivities 
2022-12-12 23:06:21,155 INFO org.example.gymapi.controller.ActivityClientController [http-nio-7080-exec-9] Start GetActivities 
2022-12-12 23:06:22,452 INFO org.example.gymapi.controller.ActivityController [http-nio-7080-exec-10] Start GetActivities 
2022-12-12 23:06:22,497 INFO org.example.gymapi.controller.ClientController [http-nio-7080-exec-3] Start GetClients 
2022-12-12 23:06:22,498 INFO org.example.gymapi.controller.ClientController [http-nio-7080-exec-2] Start GetClients 
2022-12-12 23:06:22,526 INFO org.example.gymapi.controller.ActivityController [http-nio-7080-exec-5] Start GetActivities 
2022-12-12 23:06:28,773 INFO org.example.gymapi.controller.ActivityClientController [http-nio-7080-exec-6] Start PostActivity 
2022-12-12 23:06:29,933 INFO org.example.gymapi.controller.ActivityClientController [http-nio-7080-exec-7] Start GetActivities 
2022-12-12 23:06:34,954 INFO org.example.gymapi.controller.StaffController [http-nio-7080-exec-8] Start GetStaffs 
2022-12-12 23:06:34,956 INFO org.example.gymapi.controller.StaffController [http-nio-7080-exec-1] Start GetStaffs 
2022-12-12 23:06:38,582 INFO org.example.gymapi.controller.ClientController [http-nio-7080-exec-10] Start GetClients 
2022-12-12 23:06:38,602 INFO org.example.gymapi.controller.ClientController [http-nio-7080-exec-3] Start GetClients 
2022-12-12 23:06:40,594 INFO org.example.gymapi.controller.GymController [http-nio-7080-exec-2] Start GetGyms 
2022-12-12 23:06:40,595 INFO org.example.gymapi.controller.GymController [http-nio-7080-exec-5] Start GetGyms 
2022-12-12 23:07:00,887 INFO org.example.gymapi.controller.ClientController [http-nio-7080-exec-8] Start PostClient 
2022-12-12 23:07:01,820 INFO org.example.gymapi.controller.ClientController [http-nio-7080-exec-1] Start GetClients 
2022-12-12 23:07:07,503 INFO org.example.gymapi.controller.GymController [http-nio-7080-exec-9] Start GetGyms 
2022-12-12 23:07:07,527 INFO org.example.gymapi.controller.GymController [http-nio-7080-exec-10] Start GetGyms 
2022-12-12 23:07:32,375 INFO org.example.gymapi.controller.ClientController [http-nio-7080-exec-6] Start PostClient 
2022-12-12 23:07:33,368 INFO org.example.gymapi.controller.ClientController [http-nio-7080-exec-7] Start GetClients 
2022-12-12 23:07:40,276 INFO org.example.gymapi.controller.ActivityClientController [http-nio-7080-exec-10] Start GetActivities 
2022-12-12 23:07:40,302 INFO org.example.gymapi.controller.ActivityClientController [http-nio-7080-exec-3] Start GetActivities 
2022-12-12 23:17:07,269 INFO org.example.gymapi.controller.GymController [http-nio-7080-exec-10] Start GetGyms 
2022-12-12 23:17:07,269 INFO org.example.gymapi.controller.GymController [http-nio-7080-exec-9] Start GetGyms 
2022-12-12 23:17:09,797 INFO org.example.gymapi.controller.ClientController [http-nio-7080-exec-3] Start GetClients 
2022-12-12 23:17:09,800 INFO org.example.gymapi.controller.ClientController [http-nio-7080-exec-5] Start GetClients 
2022-12-12 23:17:11,636 INFO org.example.gymapi.controller.ActivityController [http-nio-7080-exec-2] Start GetActivities 
2022-12-12 23:17:11,638 INFO org.example.gymapi.controller.ActivityController [http-nio-7080-exec-6] Start GetActivities 
2022-12-12 23:17:13,978 INFO org.example.gymapi.controller.ActivityClientController [http-nio-7080-exec-4] Start GetActivities 
2022-12-12 23:17:13,995 INFO org.example.gymapi.controller.ActivityClientController [http-nio-7080-exec-7] Start GetActivities 
2022-12-12 23:17:19,292 INFO org.example.gymapi.controller.StaffController [http-nio-7080-exec-8] Start GetStaffs 
2022-12-12 23:17:19,319 INFO org.example.gymapi.controller.StaffController [http-nio-7080-exec-1] Start GetStaffs 
2022-12-12 23:17:29,213 INFO org.example.gymapi.controller.ClientController [http-nio-7080-exec-9] Start GetClients 
2022-12-12 23:17:29,240 INFO org.example.gymapi.controller.ClientController [http-nio-7080-exec-10] Start GetClients 
2022-12-12 23:17:52,758 INFO org.example.gymapi.controller.ActivityClientController [http-nio-7080-exec-5] Start GetActivities 
2022-12-12 23:17:52,759 INFO org.example.gymapi.controller.ActivityClientController [http-nio-7080-exec-3] Start GetActivities 
2022-12-12 23:18:02,625 INFO org.example.gymapi.controller.ActivityClientController [http-nio-7080-exec-2] Start GetActivities 
2022-12-12 23:18:02,640 INFO org.example.gymapi.controller.ActivityClientController [http-nio-7080-exec-6] Start GetActivities 
2022-12-12 23:18:03,728 INFO org.example.gymapi.controller.ActivityController [http-nio-7080-exec-4] Start GetActivities 
2022-12-12 23:18:03,730 INFO org.example.gymapi.controller.ActivityController [http-nio-7080-exec-7] Start GetActivities 
2022-12-12 23:18:03,736 INFO org.example.gymapi.controller.ClientController [http-nio-7080-exec-8] Start GetClients 
2022-12-12 23:18:03,766 INFO org.example.gymapi.controller.ClientController [http-nio-7080-exec-1] Start GetClients 
2022-12-12 23:18:18,168 INFO org.example.gymapi.controller.ActivityClientController [http-nio-7080-exec-8] Start PostActivity 
2022-12-12 23:18:19,197 INFO org.example.gymapi.controller.ActivityClientController [http-nio-7080-exec-1] Start GetActivities 
2022-12-12 23:53:46,745 INFO org.example.gymapi.controller.GymController [http-nio-7080-exec-3] Start GetGyms 
2022-12-12 23:53:46,745 INFO org.example.gymapi.controller.GymController [http-nio-7080-exec-5] Start GetGyms 
2022-12-12 23:54:34,252 INFO org.example.gymapi.controller.GymController [http-nio-7080-exec-2] Start PostGym 
2022-12-12 23:54:35,711 INFO org.example.gymapi.controller.GymController [http-nio-7080-exec-6] Start GetGyms 
