2022-12-06 12:50:17,769 INFO org.hibernate.validator.internal.util.Version [background-preinit] HV000001: Hibernate Validator 6.2.3.Final
2022-12-06 12:50:17,806 INFO org.springframework.boot.StartupInfoLogger [main] Starting GymapiApplication using Java 11.0.13 on DESKTOP-P1HVV89 with PID 13120 (C:\Users\franm\Desktop\Proyecto Final\GymApi\target\classes started by franm in C:\Users\franm\Desktop\Proyecto Final\GymApi)
2022-12-06 12:50:17,812 INFO org.springframework.boot.SpringApplication [main] No active profile set, falling back to 1 default profile: "default"
2022-12-06 12:50:19,722 INFO org.springframework.data.repository.config.RepositoryConfigurationDelegate [main] Bootstrapping Spring Data JPA repositories in DEFAULT mode.
2022-12-06 12:50:19,825 INFO org.springframework.data.repository.config.RepositoryConfigurationDelegate [main] Finished Spring Data repository scanning in 83 ms. Found 5 JPA repository interfaces.
2022-12-06 12:50:22,035 INFO org.springframework.boot.web.embedded.tomcat.TomcatWebServer [main] Tomcat initialized with port(s): 7080 (http)
2022-12-06 12:50:22,131 INFO org.apache.juli.logging.DirectJDKLog [main] Initializing ProtocolHandler ["http-nio-7080"]
2022-12-06 12:50:22,136 INFO org.apache.juli.logging.DirectJDKLog [main] Starting service [Tomcat]
2022-12-06 12:50:22,137 INFO org.apache.juli.logging.DirectJDKLog [main] Starting Servlet engine: [Apache Tomcat/9.0.63]
2022-12-06 12:50:22,899 INFO org.apache.juli.logging.DirectJDKLog [main] Initializing Spring embedded WebApplicationContext
2022-12-06 12:50:22,899 INFO org.springframework.boot.web.servlet.context.ServletWebServerApplicationContext [main] Root WebApplicationContext: initialization completed in 4999 ms
2022-12-06 12:50:23,543 INFO org.hibernate.jpa.internal.util.LogHelper [main] HHH000204: Processing PersistenceUnitInfo [name: default]
2022-12-06 12:50:23,891 INFO org.hibernate.Version [main] HHH000412: Hibernate ORM core version 5.6.9.Final
2022-12-06 12:50:24,527 INFO org.hibernate.annotations.common.reflection.java.JavaReflectionManager [main] HCANN000001: Hibernate Commons Annotations {5.1.2.Final}
2022-12-06 12:50:24,687 INFO com.zaxxer.hikari.HikariDataSource [main] HikariPool-1 - Starting...
2022-12-06 12:50:24,692 WARN com.zaxxer.hikari.util.DriverDataSource [main] Registered driver with driverClassName=com.mysql.jdbc.Driver was not found, trying direct instantiation.
2022-12-06 12:50:25,093 INFO com.zaxxer.hikari.HikariDataSource [main] HikariPool-1 - Start completed.
2022-12-06 12:50:25,121 INFO org.hibernate.dialect.Dialect [main] HHH000400: Using dialect: org.hibernate.dialect.MySQL55Dialect
2022-12-06 12:50:26,768 INFO org.hibernate.engine.transaction.jta.platform.internal.JtaPlatformInitiator [main] HHH000490: Using JtaPlatform implementation: [org.hibernate.engine.transaction.jta.platform.internal.NoJtaPlatform]
2022-12-06 12:50:26,771 INFO org.springframework.orm.jpa.AbstractEntityManagerFactoryBean [main] Initialized JPA EntityManagerFactory for persistence unit 'default'
2022-12-06 12:50:27,663 WARN org.springframework.boot.autoconfigure.orm.jpa.JpaBaseConfiguration$JpaWebConfiguration [main] spring.jpa.open-in-view is enabled by default. Therefore, database queries may be performed during view rendering. Explicitly configure spring.jpa.open-in-view to disable this warning
2022-12-06 12:50:28,215 INFO org.apache.juli.logging.DirectJDKLog [main] Starting ProtocolHandler ["http-nio-7080"]
2022-12-06 12:50:28,282 INFO org.springframework.boot.web.embedded.tomcat.TomcatWebServer [main] Tomcat started on port(s): 7080 (http) with context path ''
2022-12-06 12:50:28,295 INFO org.springframework.boot.StartupInfoLogger [main] Started GymapiApplication in 11.492 seconds (JVM running for 13.029)
2022-12-06 12:59:38,556 INFO org.apache.juli.logging.DirectJDKLog [http-nio-7080-exec-2] Initializing Spring DispatcherServlet 'dispatcherServlet'
2022-12-06 12:59:38,558 INFO org.springframework.web.servlet.FrameworkServlet [http-nio-7080-exec-2] Initializing Servlet 'dispatcherServlet'
2022-12-06 12:59:38,560 INFO org.springframework.web.servlet.FrameworkServlet [http-nio-7080-exec-2] Completed initialization in 2 ms
2022-12-06 12:59:38,720 INFO org.example.gymapi.controller.GymController [http-nio-7080-exec-2] Start GetGyms 
2022-12-06 13:29:56,628 INFO org.example.gymapi.controller.GymController [http-nio-7080-exec-5] Start GetGyms 
2022-12-06 13:30:01,469 INFO org.example.gymapi.controller.GymController [http-nio-7080-exec-6] Start GetGyms 
2022-12-06 16:22:18,030 WARN com.zaxxer.hikari.pool.HikariPool$HouseKeeper [HikariPool-1 housekeeper] HikariPool-1 - Thread starvation or clock leap detected (housekeeper delta=1h28m50s806ms772µs500ns).
2022-12-06 18:33:37,869 INFO org.example.gymapi.controller.GymController [http-nio-7080-exec-9] Start GetGyms 
2022-12-06 19:15:51,334 INFO org.hibernate.validator.internal.util.Version [background-preinit] HV000001: Hibernate Validator 6.2.3.Final
2022-12-06 19:15:51,351 INFO org.springframework.boot.StartupInfoLogger [main] Starting GymapiApplication using Java 11.0.13 on DESKTOP-P1HVV89 with PID 8144 (C:\Users\franm\Desktop\Proyecto Final\GymApi\target\classes started by franm in C:\Users\franm\Desktop\Proyecto Final\GymApi)
2022-12-06 19:15:51,376 INFO org.springframework.boot.SpringApplication [main] No active profile set, falling back to 1 default profile: "default"
2022-12-06 19:15:53,709 INFO org.springframework.data.repository.config.RepositoryConfigurationDelegate [main] Bootstrapping Spring Data JPA repositories in DEFAULT mode.
2022-12-06 19:15:54,040 INFO org.springframework.data.repository.config.RepositoryConfigurationDelegate [main] Finished Spring Data repository scanning in 156 ms. Found 5 JPA repository interfaces.
2022-12-06 19:15:55,769 INFO org.springframework.boot.web.embedded.tomcat.TomcatWebServer [main] Tomcat initialized with port(s): 7080 (http)
2022-12-06 19:15:55,797 INFO org.apache.juli.logging.DirectJDKLog [main] Initializing ProtocolHandler ["http-nio-7080"]
2022-12-06 19:15:55,797 INFO org.apache.juli.logging.DirectJDKLog [main] Starting service [Tomcat]
2022-12-06 19:15:55,798 INFO org.apache.juli.logging.DirectJDKLog [main] Starting Servlet engine: [Apache Tomcat/9.0.63]
2022-12-06 19:15:56,369 INFO org.apache.juli.logging.DirectJDKLog [main] Initializing Spring embedded WebApplicationContext
2022-12-06 19:15:56,369 INFO org.springframework.boot.web.servlet.context.ServletWebServerApplicationContext [main] Root WebApplicationContext: initialization completed in 4858 ms
2022-12-06 19:15:56,858 INFO org.hibernate.jpa.internal.util.LogHelper [main] HHH000204: Processing PersistenceUnitInfo [name: default]
2022-12-06 19:15:57,032 INFO org.hibernate.Version [main] HHH000412: Hibernate ORM core version 5.6.9.Final
2022-12-06 19:15:57,579 INFO org.hibernate.annotations.common.reflection.java.JavaReflectionManager [main] HCANN000001: Hibernate Commons Annotations {5.1.2.Final}
2022-12-06 19:15:57,827 INFO com.zaxxer.hikari.HikariDataSource [main] HikariPool-1 - Starting...
2022-12-06 19:15:57,830 WARN com.zaxxer.hikari.util.DriverDataSource [main] Registered driver with driverClassName=com.mysql.jdbc.Driver was not found, trying direct instantiation.
2022-12-06 19:15:58,471 INFO com.zaxxer.hikari.HikariDataSource [main] HikariPool-1 - Start completed.
2022-12-06 19:15:58,513 INFO org.hibernate.dialect.Dialect [main] HHH000400: Using dialect: org.hibernate.dialect.MySQL55Dialect
2022-12-06 19:16:01,312 INFO org.hibernate.engine.transaction.jta.platform.internal.JtaPlatformInitiator [main] HHH000490: Using JtaPlatform implementation: [org.hibernate.engine.transaction.jta.platform.internal.NoJtaPlatform]
2022-12-06 19:16:01,320 INFO org.springframework.orm.jpa.AbstractEntityManagerFactoryBean [main] Initialized JPA EntityManagerFactory for persistence unit 'default'
2022-12-06 19:16:02,135 WARN org.springframework.boot.autoconfigure.orm.jpa.JpaBaseConfiguration$JpaWebConfiguration [main] spring.jpa.open-in-view is enabled by default. Therefore, database queries may be performed during view rendering. Explicitly configure spring.jpa.open-in-view to disable this warning
2022-12-06 19:16:02,746 INFO org.apache.juli.logging.DirectJDKLog [main] Starting ProtocolHandler ["http-nio-7080"]
2022-12-06 19:16:02,801 INFO org.springframework.boot.web.embedded.tomcat.TomcatWebServer [main] Tomcat started on port(s): 7080 (http) with context path ''
2022-12-06 19:16:02,807 INFO org.springframework.boot.StartupInfoLogger [main] Started GymapiApplication in 12.67 seconds (JVM running for 14.36)
2022-12-06 20:17:35,176 INFO org.apache.juli.logging.DirectJDKLog [http-nio-7080-exec-1] Initializing Spring DispatcherServlet 'dispatcherServlet'
2022-12-06 20:17:35,177 INFO org.springframework.web.servlet.FrameworkServlet [http-nio-7080-exec-1] Initializing Servlet 'dispatcherServlet'
2022-12-06 20:17:35,183 INFO org.springframework.web.servlet.FrameworkServlet [http-nio-7080-exec-1] Completed initialization in 5 ms
2022-12-06 20:17:35,319 INFO org.example.gymapi.controller.GymController [http-nio-7080-exec-1] Start GetGyms 
2022-12-06 20:17:35,319 INFO org.example.gymapi.controller.GymController [http-nio-7080-exec-2] Start GetGyms 
2022-12-06 20:17:49,637 INFO org.example.gymapi.controller.GymController [http-nio-7080-exec-4] Start GetGyms 
2022-12-06 20:17:49,661 INFO org.example.gymapi.controller.GymController [http-nio-7080-exec-3] Start GetGyms 
2022-12-06 20:34:19,629 INFO org.example.gymapi.controller.GymController [http-nio-7080-exec-10] Start GetGyms 
2022-12-06 20:34:19,629 INFO org.example.gymapi.controller.GymController [http-nio-7080-exec-9] Start GetGyms 
2022-12-06 20:37:49,322 INFO org.example.gymapi.controller.GymController [http-nio-7080-exec-4] Start GetGyms 
2022-12-06 20:37:49,323 INFO org.example.gymapi.controller.GymController [http-nio-7080-exec-3] Start GetGyms 
2022-12-06 20:37:54,926 INFO org.example.gymapi.controller.GymController [http-nio-7080-exec-7] Start GetGyms 
2022-12-06 20:37:55,553 WARN org.hibernate.engine.jdbc.spi.SqlExceptionHelper [http-nio-7080-exec-6] SQL Error: 1451, SQLState: 23000
2022-12-06 20:37:55,553 ERROR org.hibernate.engine.jdbc.spi.SqlExceptionHelper [http-nio-7080-exec-6] Cannot delete or update a parent row: a foreign key constraint fails (`apigym`.`client`, CONSTRAINT `FK3h0mpp1pn1smukw2veadj3k3x` FOREIGN KEY (`gym_id`) REFERENCES `gym` (`id`))
2022-12-06 20:37:55,555 INFO org.hibernate.engine.jdbc.batch.internal.AbstractBatchImpl [http-nio-7080-exec-6] HHH000010: On release of batch it still contained JDBC statements
2022-12-06 20:37:55,898 ERROR org.example.gymapi.controller.GymController [http-nio-7080-exec-6] could not execute statement; SQL [n/a]; constraint [null]; nested exception is org.hibernate.exception.ConstraintViolationException: could not execute statement
org.springframework.dao.DataIntegrityViolationException: could not execute statement; SQL [n/a]; constraint [null]; nested exception is org.hibernate.exception.ConstraintViolationException: could not execute statement
	at org.springframework.orm.jpa.vendor.HibernateJpaDialect.convertHibernateAccessException(HibernateJpaDialect.java:276)
	at org.springframework.orm.jpa.vendor.HibernateJpaDialect.translateExceptionIfPossible(HibernateJpaDialect.java:233)
	at org.springframework.orm.jpa.JpaTransactionManager.doCommit(JpaTransactionManager.java:566)
	at org.springframework.transaction.support.AbstractPlatformTransactionManager.processCommit(AbstractPlatformTransactionManager.java:743)
	at org.springframework.transaction.support.AbstractPlatformTransactionManager.commit(AbstractPlatformTransactionManager.java:711)
	at org.springframework.transaction.interceptor.TransactionAspectSupport.commitTransactionAfterReturning(TransactionAspectSupport.java:654)
	at org.springframework.transaction.interceptor.TransactionAspectSupport.invokeWithinTransaction(TransactionAspectSupport.java:407)
	at org.springframework.transaction.interceptor.TransactionInterceptor.invoke(TransactionInterceptor.java:119)
	at org.springframework.aop.framework.ReflectiveMethodInvocation.proceed(ReflectiveMethodInvocation.java:186)
	at org.springframework.dao.support.PersistenceExceptionTranslationInterceptor.invoke(PersistenceExceptionTranslationInterceptor.java:137)
	at org.springframework.aop.framework.ReflectiveMethodInvocation.proceed(ReflectiveMethodInvocation.java:186)
	at org.springframework.data.jpa.repository.support.CrudMethodMetadataPostProcessor$CrudMethodMetadataPopulatingMethodInterceptor.invoke(CrudMethodMetadataPostProcessor.java:174)
	at org.springframework.aop.framework.ReflectiveMethodInvocation.proceed(ReflectiveMethodInvocation.java:186)
	at org.springframework.aop.interceptor.ExposeInvocationInterceptor.invoke(ExposeInvocationInterceptor.java:97)
	at org.springframework.aop.framework.ReflectiveMethodInvocation.proceed(ReflectiveMethodInvocation.java:186)
	at org.springframework.aop.framework.JdkDynamicAopProxy.invoke(JdkDynamicAopProxy.java:215)
	at com.sun.proxy.$Proxy115.delete(Unknown Source)
	at org.example.gymapi.service.GymServiceImpl.deleteGym(GymServiceImpl.java:69)
	at org.example.gymapi.controller.GymController.removeGym(GymController.java:65)
	at java.base/jdk.internal.reflect.NativeMethodAccessorImpl.invoke0(Native Method)
	at java.base/jdk.internal.reflect.NativeMethodAccessorImpl.invoke(NativeMethodAccessorImpl.java:62)
	at java.base/jdk.internal.reflect.DelegatingMethodAccessorImpl.invoke(DelegatingMethodAccessorImpl.java:43)
	at java.base/java.lang.reflect.Method.invoke(Method.java:566)
	at org.springframework.web.method.support.InvocableHandlerMethod.doInvoke(InvocableHandlerMethod.java:205)
	at org.springframework.web.method.support.InvocableHandlerMethod.invokeForRequest(InvocableHandlerMethod.java:150)
	at org.springframework.web.servlet.mvc.method.annotation.ServletInvocableHandlerMethod.invokeAndHandle(ServletInvocableHandlerMethod.java:117)
	at org.springframework.web.servlet.mvc.method.annotation.RequestMappingHandlerAdapter.invokeHandlerMethod(RequestMappingHandlerAdapter.java:895)
	at org.springframework.web.servlet.mvc.method.annotation.RequestMappingHandlerAdapter.handleInternal(RequestMappingHandlerAdapter.java:808)
	at org.springframework.web.servlet.mvc.method.AbstractHandlerMethodAdapter.handle(AbstractHandlerMethodAdapter.java:87)
	at org.springframework.web.servlet.DispatcherServlet.doDispatch(DispatcherServlet.java:1067)
	at org.springframework.web.servlet.DispatcherServlet.doService(DispatcherServlet.java:963)
	at org.springframework.web.servlet.FrameworkServlet.processRequest(FrameworkServlet.java:1006)
	at org.springframework.web.servlet.FrameworkServlet.doDelete(FrameworkServlet.java:931)
	at javax.servlet.http.HttpServlet.service(HttpServlet.java:687)
	at org.springframework.web.servlet.FrameworkServlet.service(FrameworkServlet.java:883)
	at javax.servlet.http.HttpServlet.service(HttpServlet.java:764)
	at org.apache.catalina.core.ApplicationFilterChain.internalDoFilter(ApplicationFilterChain.java:227)
	at org.apache.catalina.core.ApplicationFilterChain.doFilter(ApplicationFilterChain.java:162)
	at org.apache.tomcat.websocket.server.WsFilter.doFilter(WsFilter.java:53)
	at org.apache.catalina.core.ApplicationFilterChain.internalDoFilter(ApplicationFilterChain.java:189)
	at org.apache.catalina.core.ApplicationFilterChain.doFilter(ApplicationFilterChain.java:162)
	at org.springframework.web.filter.RequestContextFilter.doFilterInternal(RequestContextFilter.java:100)
	at org.springframework.web.filter.OncePerRequestFilter.doFilter(OncePerRequestFilter.java:117)
	at org.apache.catalina.core.ApplicationFilterChain.internalDoFilter(ApplicationFilterChain.java:189)
	at org.apache.catalina.core.ApplicationFilterChain.doFilter(ApplicationFilterChain.java:162)
	at org.springframework.web.filter.FormContentFilter.doFilterInternal(FormContentFilter.java:93)
	at org.springframework.web.filter.OncePerRequestFilter.doFilter(OncePerRequestFilter.java:117)
	at org.apache.catalina.core.ApplicationFilterChain.internalDoFilter(ApplicationFilterChain.java:189)
	at org.apache.catalina.core.ApplicationFilterChain.doFilter(ApplicationFilterChain.java:162)
	at org.springframework.web.filter.CharacterEncodingFilter.doFilterInternal(CharacterEncodingFilter.java:201)
	at org.springframework.web.filter.OncePerRequestFilter.doFilter(OncePerRequestFilter.java:117)
	at org.apache.catalina.core.ApplicationFilterChain.internalDoFilter(ApplicationFilterChain.java:189)
	at org.apache.catalina.core.ApplicationFilterChain.doFilter(ApplicationFilterChain.java:162)
	at org.apache.catalina.core.StandardWrapperValve.invoke(StandardWrapperValve.java:197)
	at org.apache.catalina.core.StandardContextValve.invoke(StandardContextValve.java:97)
	at org.apache.catalina.authenticator.AuthenticatorBase.invoke(AuthenticatorBase.java:541)
	at org.apache.catalina.core.StandardHostValve.invoke(StandardHostValve.java:135)
	at org.apache.catalina.valves.ErrorReportValve.invoke(ErrorReportValve.java:92)
	at org.apache.catalina.core.StandardEngineValve.invoke(StandardEngineValve.java:78)
	at org.apache.catalina.connector.CoyoteAdapter.service(CoyoteAdapter.java:360)
	at org.apache.coyote.http11.Http11Processor.service(Http11Processor.java:399)
	at org.apache.coyote.AbstractProcessorLight.process(AbstractProcessorLight.java:65)
	at org.apache.coyote.AbstractProtocol$ConnectionHandler.process(AbstractProtocol.java:890)
	at org.apache.tomcat.util.net.NioEndpoint$SocketProcessor.doRun(NioEndpoint.java:1743)
	at org.apache.tomcat.util.net.SocketProcessorBase.run(SocketProcessorBase.java:49)
	at org.apache.tomcat.util.threads.ThreadPoolExecutor.runWorker(ThreadPoolExecutor.java:1191)
	at org.apache.tomcat.util.threads.ThreadPoolExecutor$Worker.run(ThreadPoolExecutor.java:659)
	at org.apache.tomcat.util.threads.TaskThread$WrappingRunnable.run(TaskThread.java:61)
	at java.base/java.lang.Thread.run(Thread.java:829)
Caused by: org.hibernate.exception.ConstraintViolationException: could not execute statement
	at org.hibernate.exception.internal.SQLExceptionTypeDelegate.convert(SQLExceptionTypeDelegate.java:59)
	at org.hibernate.exception.internal.StandardSQLExceptionConverter.convert(StandardSQLExceptionConverter.java:37)
	at org.hibernate.engine.jdbc.spi.SqlExceptionHelper.convert(SqlExceptionHelper.java:113)
	at org.hibernate.engine.jdbc.spi.SqlExceptionHelper.convert(SqlExceptionHelper.java:99)
	at org.hibernate.engine.jdbc.internal.ResultSetReturnImpl.executeUpdate(ResultSetReturnImpl.java:200)
	at org.hibernate.engine.jdbc.batch.internal.NonBatchingBatch.addToBatch(NonBatchingBatch.java:46)
	at org.hibernate.persister.entity.AbstractEntityPersister.delete(AbstractEntityPersister.java:3698)
	at org.hibernate.persister.entity.AbstractEntityPersister.delete(AbstractEntityPersister.java:3958)
	at org.hibernate.action.internal.EntityDeleteAction.execute(EntityDeleteAction.java:123)
	at org.hibernate.engine.spi.ActionQueue.executeActions(ActionQueue.java:604)
	at org.hibernate.engine.spi.ActionQueue.lambda$executeActions$1(ActionQueue.java:478)
	at java.base/java.util.LinkedHashMap.forEach(LinkedHashMap.java:684)
	at org.hibernate.engine.spi.ActionQueue.executeActions(ActionQueue.java:475)
	at org.hibernate.event.internal.AbstractFlushingEventListener.performExecutions(AbstractFlushingEventListener.java:344)
	at org.hibernate.event.internal.DefaultFlushEventListener.onFlush(DefaultFlushEventListener.java:40)
	at org.hibernate.event.service.internal.EventListenerGroupImpl.fireEventOnEachListener(EventListenerGroupImpl.java:107)
	at org.hibernate.internal.SessionImpl.doFlush(SessionImpl.java:1407)
	at org.hibernate.internal.SessionImpl.managedFlush(SessionImpl.java:489)
	at org.hibernate.internal.SessionImpl.flushBeforeTransactionCompletion(SessionImpl.java:3290)
	at org.hibernate.internal.SessionImpl.beforeTransactionCompletion(SessionImpl.java:2425)
	at org.hibernate.engine.jdbc.internal.JdbcCoordinatorImpl.beforeTransactionCompletion(JdbcCoordinatorImpl.java:449)
	at org.hibernate.resource.transaction.backend.jdbc.internal.JdbcResourceLocalTransactionCoordinatorImpl.beforeCompletionCallback(JdbcResourceLocalTransactionCoordinatorImpl.java:183)
	at org.hibernate.resource.transaction.backend.jdbc.internal.JdbcResourceLocalTransactionCoordinatorImpl.access$300(JdbcResourceLocalTransactionCoordinatorImpl.java:40)
	at org.hibernate.resource.transaction.backend.jdbc.internal.JdbcResourceLocalTransactionCoordinatorImpl$TransactionDriverControlImpl.commit(JdbcResourceLocalTransactionCoordinatorImpl.java:281)
	at org.hibernate.engine.transaction.internal.TransactionImpl.commit(TransactionImpl.java:101)
	at org.springframework.orm.jpa.JpaTransactionManager.doCommit(JpaTransactionManager.java:562)
	... 66 common frames omitted
Caused by: java.sql.SQLIntegrityConstraintViolationException: Cannot delete or update a parent row: a foreign key constraint fails (`apigym`.`client`, CONSTRAINT `FK3h0mpp1pn1smukw2veadj3k3x` FOREIGN KEY (`gym_id`) REFERENCES `gym` (`id`))
	at com.mysql.cj.jdbc.exceptions.SQLError.createSQLException(SQLError.java:117)
	at com.mysql.cj.jdbc.exceptions.SQLExceptionsMapping.translateException(SQLExceptionsMapping.java:122)
	at com.mysql.cj.jdbc.ClientPreparedStatement.executeInternal(ClientPreparedStatement.java:916)
	at com.mysql.cj.jdbc.ClientPreparedStatement.executeUpdateInternal(ClientPreparedStatement.java:1061)
	at com.mysql.cj.jdbc.ClientPreparedStatement.executeUpdateInternal(ClientPreparedStatement.java:1009)
	at com.mysql.cj.jdbc.ClientPreparedStatement.executeLargeUpdate(ClientPreparedStatement.java:1320)
	at com.mysql.cj.jdbc.ClientPreparedStatement.executeUpdate(ClientPreparedStatement.java:994)
	at com.zaxxer.hikari.pool.ProxyPreparedStatement.executeUpdate(ProxyPreparedStatement.java:61)
	at com.zaxxer.hikari.pool.HikariProxyPreparedStatement.executeUpdate(HikariProxyPreparedStatement.java)
	at org.hibernate.engine.jdbc.internal.ResultSetReturnImpl.executeUpdate(ResultSetReturnImpl.java:197)
	... 87 common frames omitted
2022-12-06 20:37:59,780 INFO org.example.gymapi.controller.GymController [http-nio-7080-exec-5] Start GetGyms 
2022-12-06 20:37:59,785 INFO org.example.gymapi.controller.GymController [http-nio-7080-exec-8] Start GetGyms 
2022-12-06 20:38:44,280 INFO org.example.gymapi.controller.GymController [http-nio-7080-exec-10] Start GetGyms 
2022-12-06 20:38:44,466 INFO org.example.gymapi.controller.GymController [http-nio-7080-exec-9] Start DeleteGym 5
2022-12-06 20:38:49,790 INFO org.example.gymapi.controller.GymController [http-nio-7080-exec-1] Start GetGyms 
2022-12-06 20:38:49,807 INFO org.example.gymapi.controller.GymController [http-nio-7080-exec-2] Start GetGyms 
2022-12-06 20:39:21,720 INFO org.example.gymapi.controller.GymController [http-nio-7080-exec-3] Start GetGyms 
2022-12-06 20:39:26,488 INFO org.example.gymapi.controller.GymController [http-nio-7080-exec-7] Start GetGyms 
