2022-12-11 00:04:57,251 INFO org.apache.juli.logging.DirectJDKLog [http-nio-7080-exec-3] Initializing Spring DispatcherServlet 'dispatcherServlet'
2022-12-11 00:04:57,261 INFO org.springframework.web.servlet.FrameworkServlet [http-nio-7080-exec-3] Initializing Servlet 'dispatcherServlet'
2022-12-11 00:04:57,262 INFO org.springframework.web.servlet.FrameworkServlet [http-nio-7080-exec-3] Completed initialization in 1 ms
2022-12-11 00:04:57,422 INFO org.example.gymapi.controller.GymController [http-nio-7080-exec-1] Start GetGyms 
2022-12-11 00:04:57,422 INFO org.example.gymapi.controller.GymController [http-nio-7080-exec-3] Start GetGyms 
2022-12-11 00:07:11,677 INFO org.example.gymapi.controller.GymController [http-nio-7080-exec-8] Start GetGyms 
2022-12-11 00:07:15,216 INFO org.example.gymapi.controller.ClientController [http-nio-7080-exec-9] Start GetClients 
2022-12-11 00:07:15,263 INFO org.example.gymapi.controller.ClientController [http-nio-7080-exec-7] Start GetClients 
2022-12-11 00:07:16,267 INFO org.example.gymapi.controller.GymController [http-nio-7080-exec-5] Start GetGyms 
2022-12-11 00:07:16,295 INFO org.example.gymapi.controller.GymController [http-nio-7080-exec-4] Start GetGyms 
2022-12-11 21:35:24,156 INFO org.hibernate.validator.internal.util.Version [background-preinit] HV000001: Hibernate Validator 6.2.3.Final
2022-12-11 21:35:24,227 INFO org.springframework.boot.StartupInfoLogger [main] Starting GymapiApplication using Java 11.0.13 on DESKTOP-P1HVV89 with PID 33400 (C:\Users\franm\Desktop\Proyecto Final\GymApi\target\classes started by franm in C:\Users\franm\Desktop\Proyecto Final\GymApi)
2022-12-11 21:35:24,230 INFO org.springframework.boot.SpringApplication [main] No active profile set, falling back to 1 default profile: "default"
2022-12-11 21:35:26,030 INFO org.springframework.data.repository.config.RepositoryConfigurationDelegate [main] Bootstrapping Spring Data JPA repositories in DEFAULT mode.
2022-12-11 21:35:26,091 INFO org.springframework.data.repository.config.RepositoryConfigurationDelegate [main] Finished Spring Data repository scanning in 50 ms. Found 5 JPA repository interfaces.
2022-12-11 21:35:27,389 INFO org.springframework.boot.web.embedded.tomcat.TomcatWebServer [main] Tomcat initialized with port(s): 7080 (http)
2022-12-11 21:35:27,402 INFO org.apache.juli.logging.DirectJDKLog [main] Initializing ProtocolHandler ["http-nio-7080"]
2022-12-11 21:35:27,402 INFO org.apache.juli.logging.DirectJDKLog [main] Starting service [Tomcat]
2022-12-11 21:35:27,403 INFO org.apache.juli.logging.DirectJDKLog [main] Starting Servlet engine: [Apache Tomcat/9.0.63]
2022-12-11 21:35:27,959 INFO org.apache.juli.logging.DirectJDKLog [main] Initializing Spring embedded WebApplicationContext
2022-12-11 21:35:27,959 INFO org.springframework.boot.web.servlet.context.ServletWebServerApplicationContext [main] Root WebApplicationContext: initialization completed in 3616 ms
2022-12-11 21:35:28,247 INFO org.hibernate.jpa.internal.util.LogHelper [main] HHH000204: Processing PersistenceUnitInfo [name: default]
2022-12-11 21:35:28,362 INFO org.hibernate.Version [main] HHH000412: Hibernate ORM core version 5.6.9.Final
2022-12-11 21:35:28,776 INFO org.hibernate.annotations.common.reflection.java.JavaReflectionManager [main] HCANN000001: Hibernate Commons Annotations {5.1.2.Final}
2022-12-11 21:35:29,041 INFO com.zaxxer.hikari.HikariDataSource [main] HikariPool-1 - Starting...
2022-12-11 21:35:29,064 WARN com.zaxxer.hikari.util.DriverDataSource [main] Registered driver with driverClassName=com.mysql.jdbc.Driver was not found, trying direct instantiation.
2022-12-11 21:35:29,836 INFO com.zaxxer.hikari.HikariDataSource [main] HikariPool-1 - Start completed.
2022-12-11 21:35:29,874 INFO org.hibernate.dialect.Dialect [main] HHH000400: Using dialect: org.hibernate.dialect.MySQL55Dialect
2022-12-11 21:35:31,836 INFO org.hibernate.engine.transaction.jta.platform.internal.JtaPlatformInitiator [main] HHH000490: Using JtaPlatform implementation: [org.hibernate.engine.transaction.jta.platform.internal.NoJtaPlatform]
2022-12-11 21:35:31,856 INFO org.springframework.orm.jpa.AbstractEntityManagerFactoryBean [main] Initialized JPA EntityManagerFactory for persistence unit 'default'
2022-12-11 21:35:32,787 WARN org.springframework.boot.autoconfigure.orm.jpa.JpaBaseConfiguration$JpaWebConfiguration [main] spring.jpa.open-in-view is enabled by default. Therefore, database queries may be performed during view rendering. Explicitly configure spring.jpa.open-in-view to disable this warning
2022-12-11 21:35:33,654 INFO org.apache.juli.logging.DirectJDKLog [main] Starting ProtocolHandler ["http-nio-7080"]
2022-12-11 21:35:33,685 INFO org.springframework.boot.web.embedded.tomcat.TomcatWebServer [main] Tomcat started on port(s): 7080 (http) with context path ''
2022-12-11 21:35:33,692 INFO org.springframework.boot.StartupInfoLogger [main] Started GymapiApplication in 10.349 seconds (JVM running for 11.871)
2022-12-11 21:46:31,943 INFO org.apache.juli.logging.DirectJDKLog [http-nio-7080-exec-3] Initializing Spring DispatcherServlet 'dispatcherServlet'
2022-12-11 21:46:31,944 INFO org.springframework.web.servlet.FrameworkServlet [http-nio-7080-exec-3] Initializing Servlet 'dispatcherServlet'
2022-12-11 21:46:31,946 INFO org.springframework.web.servlet.FrameworkServlet [http-nio-7080-exec-3] Completed initialization in 2 ms
2022-12-11 21:46:32,149 INFO org.example.gymapi.controller.ClientController [http-nio-7080-exec-1] Start GetClients 
2022-12-11 21:46:32,149 INFO org.example.gymapi.controller.ClientController [http-nio-7080-exec-3] Start GetClients 
2022-12-11 21:46:33,393 INFO org.example.gymapi.controller.GymController [http-nio-7080-exec-5] Start GetGyms 
2022-12-11 21:46:33,408 INFO org.example.gymapi.controller.GymController [http-nio-7080-exec-6] Start GetGyms 
2022-12-11 21:46:37,997 INFO org.example.gymapi.controller.ClientController [http-nio-7080-exec-2] Start GetClients 
2022-12-11 21:46:40,628 INFO org.example.gymapi.controller.ClientController [http-nio-7080-exec-10] Start GetClients 
2022-12-11 21:46:40,653 INFO org.example.gymapi.controller.ClientController [http-nio-7080-exec-7] Start GetClients 
2022-12-11 21:46:42,714 INFO org.example.gymapi.controller.GymController [http-nio-7080-exec-8] Start GetGyms 
2022-12-11 21:46:42,716 INFO org.example.gymapi.controller.GymController [http-nio-7080-exec-9] Start GetGyms 
2022-12-11 21:46:52,654 INFO org.example.gymapi.controller.ClientController [http-nio-7080-exec-4] Start PostClient 
2022-12-11 21:46:53,431 INFO org.example.gymapi.controller.ClientController [http-nio-7080-exec-6] Start GetClients 
2022-12-11 21:47:00,416 INFO org.example.gymapi.controller.GymController [http-nio-7080-exec-5] Start GetGyms 
2022-12-11 21:47:00,423 INFO org.example.gymapi.controller.GymController [http-nio-7080-exec-3] Start GetGyms 
2022-12-11 21:47:02,466 INFO org.example.gymapi.controller.ClientController [http-nio-7080-exec-1] Start GetClients 
2022-12-11 21:47:04,193 INFO org.example.gymapi.controller.ActivityController [http-nio-7080-exec-2] Start GetActivities 
2022-12-11 21:47:04,210 INFO org.example.gymapi.controller.ActivityController [http-nio-7080-exec-10] Start GetActivities 
2022-12-11 21:47:05,535 INFO org.example.gymapi.controller.GymController [http-nio-7080-exec-7] Start GetGyms 
2022-12-11 21:47:05,547 INFO org.example.gymapi.controller.StaffController [http-nio-7080-exec-8] Start GetStaffs 
2022-12-11 21:47:05,558 INFO org.example.gymapi.controller.StaffController [http-nio-7080-exec-9] Start GetStaffs 
2022-12-11 21:47:05,573 INFO org.example.gymapi.controller.GymController [http-nio-7080-exec-4] Start GetGyms 
2022-12-11 21:47:06,352 INFO org.example.gymapi.controller.ActivityController [http-nio-7080-exec-6] Start GetActivities 
2022-12-11 21:47:08,335 INFO org.example.gymapi.controller.StaffController [http-nio-7080-exec-5] Start GetStaffs 
2022-12-11 21:47:08,352 INFO org.example.gymapi.controller.StaffController [http-nio-7080-exec-3] Start GetStaffs 
2022-12-11 21:47:09,171 INFO org.example.gymapi.controller.GymController [http-nio-7080-exec-1] Start GetGyms 
2022-12-11 21:47:09,175 INFO org.example.gymapi.controller.GymController [http-nio-7080-exec-2] Start GetGyms 
2022-12-11 21:47:16,170 INFO org.example.gymapi.controller.StaffController [http-nio-7080-exec-10] Start PostStaff 
2022-12-11 21:47:16,935 INFO org.example.gymapi.controller.StaffController [http-nio-7080-exec-7] Start GetStaffs 
2022-12-11 22:10:07,343 INFO org.example.gymapi.controller.GymController [http-nio-7080-exec-1] Start GetGyms 
2022-12-11 22:10:07,362 INFO org.example.gymapi.controller.GymController [http-nio-7080-exec-4] Start GetGyms 
2022-12-11 22:16:54,975 INFO org.example.gymapi.controller.StaffController [http-nio-7080-exec-2] Start GetStaffs 
2022-12-11 22:16:54,975 INFO org.example.gymapi.controller.StaffController [http-nio-7080-exec-6] Start GetStaffs 
